<?xml version="1.0" encoding="UTF-8"?>
<robot generator="Robot 3.1.2 (Python 3.8.2 on win32)" generated="20200513 08:41:00.839" rpa="false">
<suite id="s1" name="Tests" source="C:\qaninja\robocamp5\tests">
<suite id="s1-s1" name="Login" source="C:\qaninja\robocamp5\tests\login.robot">
<kw name="Open Session" library="actions" type="setup">
<kw name="Open Chrome" library="actions">
<kw name="Open Browser" library="SeleniumLibrary">
<doc>Opens a new browser instance to the optional ``url``.</doc>
<arguments>
<arg>${BASE_URL}</arg>
<arg>chrome</arg>
<arg>options=add_experimental_option('excludeSwitches', ['enable-logging'])</arg>
</arguments>
<msg timestamp="20200513 08:41:01.335" level="INFO">Opening browser 'chrome' to base url 'http://pixel-web:3000'.</msg>
<status status="PASS" starttime="20200513 08:41:01.334" endtime="20200513 08:41:07.943"></status>
</kw>
<status status="PASS" starttime="20200513 08:41:01.334" endtime="20200513 08:41:07.944"></status>
</kw>
<kw name="Set Window Size" library="SeleniumLibrary">
<doc>Sets current windows size to given ``width`` and ``height``.</doc>
<arguments>
<arg>1440</arg>
<arg>900</arg>
</arguments>
<status status="PASS" starttime="20200513 08:41:07.945" endtime="20200513 08:41:10.630"></status>
</kw>
<status status="PASS" starttime="20200513 08:41:01.333" endtime="20200513 08:41:10.630"></status>
</kw>
<test id="s1-s1-t1" name="Usuário autenticado">
<kw name="Dado que acesso a página login" library="actions">
<kw name="Go To" library="SeleniumLibrary">
<doc>Navigates the current browser window to the provided ``url``.</doc>
<arguments>
<arg>${BASE_URL}/login</arg>
</arguments>
<msg timestamp="20200513 08:41:10.634" level="INFO">Opening url 'http://pixel-web:3000/login'</msg>
<status status="PASS" starttime="20200513 08:41:10.633" endtime="20200513 08:41:12.677"></status>
</kw>
<status status="PASS" starttime="20200513 08:41:10.632" endtime="20200513 08:41:12.677"></status>
</kw>
<kw name="Quando submeto minhas credenciais &quot;papito@ninjapixel.com&quot; e &quot;pwd123&quot;" library="actions">
<kw name="Input Text" library="SeleniumLibrary">
<doc>Types the given ``text`` into the text field identified by ``locator``.</doc>
<arguments>
<arg>${CAMPO_EMAIL}</arg>
<arg>${email}</arg>
</arguments>
<msg timestamp="20200513 08:41:12.707" level="INFO">Typing text 'papito@ninjapixel.com' into text field 'id:emailId'.</msg>
<status status="PASS" starttime="20200513 08:41:12.706" endtime="20200513 08:41:14.793"></status>
</kw>
<kw name="Input Text" library="SeleniumLibrary">
<doc>Types the given ``text`` into the text field identified by ``locator``.</doc>
<arguments>
<arg>${CAMPO_PWD}</arg>
<arg>${pass}</arg>
</arguments>
<msg timestamp="20200513 08:41:14.794" level="INFO">Typing text 'pwd123' into text field 'id:passId'.</msg>
<status status="PASS" starttime="20200513 08:41:14.793" endtime="20200513 08:41:14.992"></status>
</kw>
<kw name="Click Element" library="SeleniumLibrary">
<doc>Click the element identified by ``locator``.</doc>
<arguments>
<arg>${BT_ENTRAR}</arg>
</arguments>
<msg timestamp="20200513 08:41:14.993" level="INFO">Clicking element 'xpath://button[text()='Entrar']'.</msg>
<status status="PASS" starttime="20200513 08:41:14.993" endtime="20200513 08:41:15.217"></status>
</kw>
<status status="PASS" starttime="20200513 08:41:12.703" endtime="20200513 08:41:15.217"></status>
</kw>
<kw name="Então devo ser autenticado" library="actions">
<kw name="Wait Until Element Is Visible" library="SeleniumLibrary">
<doc>Waits until the element ``locator`` is visible.</doc>
<arguments>
<arg>${CSS_USER_INFO}</arg>
</arguments>
<status status="PASS" starttime="20200513 08:41:15.219" endtime="20200513 08:41:15.972"></status>
</kw>
<kw name="Element Text Should Be" library="SeleniumLibrary">
<doc>Verifies that element ``locator`` contains exact the text ``expected``.</doc>
<arguments>
<arg>${CSS_USER_INFO}</arg>
<arg>Papito</arg>
</arguments>
<msg timestamp="20200513 08:41:15.973" level="INFO">Verifying element 'css:.user .info span' contains exact text 'Papito'.</msg>
<status status="PASS" starttime="20200513 08:41:15.973" endtime="20200513 08:41:16.022"></status>
</kw>
<status status="PASS" starttime="20200513 08:41:15.218" endtime="20200513 08:41:16.022"></status>
</kw>
<kw name="Clear Local Storage" library="actions" type="teardown">
<kw name="Execute Javascript" library="SeleniumLibrary">
<doc>Executes the given JavaScript code with possible arguments.</doc>
<arguments>
<arg>localStorage.clear();</arg>
</arguments>
<msg timestamp="20200513 08:41:16.028" level="INFO">Executing JavaScript:
localStorage.clear();
Without any arguments.</msg>
<status status="PASS" starttime="20200513 08:41:16.026" endtime="20200513 08:41:16.048"></status>
</kw>
<status status="PASS" starttime="20200513 08:41:16.024" endtime="20200513 08:41:16.049"></status>
</kw>
<tags>
<tag>success_login</tag>
</tags>
<status status="PASS" starttime="20200513 08:41:10.630" endtime="20200513 08:41:16.063" critical="yes"></status>
</test>
<test id="s1-s1-t2" name="Senha invalida">
<kw name="Tentativa de login">
<arguments>
<arg>papito@ninjapixel.com</arg>
<arg>abc123</arg>
<arg>Usuário e/ou senha inválidos</arg>
</arguments>
<kw name="Dado que acesso a página login" library="actions">
<kw name="Go To" library="SeleniumLibrary">
<doc>Navigates the current browser window to the provided ``url``.</doc>
<arguments>
<arg>${BASE_URL}/login</arg>
</arguments>
<msg timestamp="20200513 08:41:16.079" level="INFO">Opening url 'http://pixel-web:3000/login'</msg>
<status status="PASS" starttime="20200513 08:41:16.078" endtime="20200513 08:41:17.478"></status>
</kw>
<status status="PASS" starttime="20200513 08:41:16.077" endtime="20200513 08:41:17.478"></status>
</kw>
<kw name="Quando submeto minhas credenciais &quot;${input_email}&quot; e &quot;${input_pass}&quot;" library="actions">
<kw name="Input Text" library="SeleniumLibrary">
<doc>Types the given ``text`` into the text field identified by ``locator``.</doc>
<arguments>
<arg>${CAMPO_EMAIL}</arg>
<arg>${email}</arg>
</arguments>
<msg timestamp="20200513 08:41:17.482" level="INFO">Typing text 'papito@ninjapixel.com' into text field 'id:emailId'.</msg>
<status status="PASS" starttime="20200513 08:41:17.482" endtime="20200513 08:41:18.005"></status>
</kw>
<kw name="Input Text" library="SeleniumLibrary">
<doc>Types the given ``text`` into the text field identified by ``locator``.</doc>
<arguments>
<arg>${CAMPO_PWD}</arg>
<arg>${pass}</arg>
</arguments>
<msg timestamp="20200513 08:41:18.006" level="INFO">Typing text 'abc123' into text field 'id:passId'.</msg>
<status status="PASS" starttime="20200513 08:41:18.005" endtime="20200513 08:41:18.335"></status>
</kw>
<kw name="Click Element" library="SeleniumLibrary">
<doc>Click the element identified by ``locator``.</doc>
<arguments>
<arg>${BT_ENTRAR}</arg>
</arguments>
<msg timestamp="20200513 08:41:18.336" level="INFO">Clicking element 'xpath://button[text()='Entrar']'.</msg>
<status status="PASS" starttime="20200513 08:41:18.335" endtime="20200513 08:41:18.484"></status>
</kw>
<status status="PASS" starttime="20200513 08:41:17.479" endtime="20200513 08:41:18.484"></status>
</kw>
<kw name="Então devo ver a mensagem de alerta &quot;${output_text}&quot;" library="actions">
<kw name="Wait Until Element Is Visible" library="SeleniumLibrary">
<doc>Waits until the element ``locator`` is visible.</doc>
<arguments>
<arg>${CSS_ALERTA}</arg>
</arguments>
<status status="PASS" starttime="20200513 08:41:18.485" endtime="20200513 08:41:18.878"></status>
</kw>
<kw name="Element Text Should Be" library="SeleniumLibrary">
<doc>Verifies that element ``locator`` contains exact the text ``expected``.</doc>
<arguments>
<arg>${CSS_ALERTA}</arg>
<arg>${expect_alert}</arg>
</arguments>
<msg timestamp="20200513 08:41:18.879" level="INFO">Verifying element 'class:alert' contains exact text 'Usuário e/ou senha inválidos'.</msg>
<status status="PASS" starttime="20200513 08:41:18.879" endtime="20200513 08:41:18.953"></status>
</kw>
<status status="PASS" starttime="20200513 08:41:18.484" endtime="20200513 08:41:18.953"></status>
</kw>
<status status="PASS" starttime="20200513 08:41:16.077" endtime="20200513 08:41:18.954"></status>
</kw>
<kw name="End Test" library="actions" type="teardown">
<kw name="Capture Page Screenshot" library="SeleniumLibrary">
<doc>Takes a screenshot of the current page and embeds it into a log file.</doc>
<msg timestamp="20200513 08:41:20.240" level="INFO" html="yes">&lt;/td&gt;&lt;/tr&gt;&lt;tr&gt;&lt;td colspan="3"&gt;&lt;a href="selenium-screenshot-6.png"&gt;&lt;img src="selenium-screenshot-6.png" width="800px"&gt;&lt;/a&gt;</msg>
<status status="PASS" starttime="20200513 08:41:18.955" endtime="20200513 08:41:20.240"></status>
</kw>
<status status="PASS" starttime="20200513 08:41:18.955" endtime="20200513 08:41:20.241"></status>
</kw>
<status status="PASS" starttime="20200513 08:41:16.075" endtime="20200513 08:41:20.242" critical="yes"></status>
</test>
<test id="s1-s1-t3" name="Email não cadastrado">
<kw name="Tentativa de login">
<arguments>
<arg>404@ninjapixel.com</arg>
<arg>abc123</arg>
<arg>Usuário e/ou senha inválidos</arg>
</arguments>
<kw name="Dado que acesso a página login" library="actions">
<kw name="Go To" library="SeleniumLibrary">
<doc>Navigates the current browser window to the provided ``url``.</doc>
<arguments>
<arg>${BASE_URL}/login</arg>
</arguments>
<msg timestamp="20200513 08:41:20.252" level="INFO">Opening url 'http://pixel-web:3000/login'</msg>
<status status="PASS" starttime="20200513 08:41:20.251" endtime="20200513 08:41:21.836"></status>
</kw>
<status status="PASS" starttime="20200513 08:41:20.251" endtime="20200513 08:41:21.836"></status>
</kw>
<kw name="Quando submeto minhas credenciais &quot;${input_email}&quot; e &quot;${input_pass}&quot;" library="actions">
<kw name="Input Text" library="SeleniumLibrary">
<doc>Types the given ``text`` into the text field identified by ``locator``.</doc>
<arguments>
<arg>${CAMPO_EMAIL}</arg>
<arg>${email}</arg>
</arguments>
<msg timestamp="20200513 08:41:21.838" level="INFO">Typing text '404@ninjapixel.com' into text field 'id:emailId'.</msg>
<status status="PASS" starttime="20200513 08:41:21.837" endtime="20200513 08:41:22.640"></status>
</kw>
<kw name="Input Text" library="SeleniumLibrary">
<doc>Types the given ``text`` into the text field identified by ``locator``.</doc>
<arguments>
<arg>${CAMPO_PWD}</arg>
<arg>${pass}</arg>
</arguments>
<msg timestamp="20200513 08:41:22.642" level="INFO">Typing text 'abc123' into text field 'id:passId'.</msg>
<status status="PASS" starttime="20200513 08:41:22.641" endtime="20200513 08:41:23.132"></status>
</kw>
<kw name="Click Element" library="SeleniumLibrary">
<doc>Click the element identified by ``locator``.</doc>
<arguments>
<arg>${BT_ENTRAR}</arg>
</arguments>
<msg timestamp="20200513 08:41:23.133" level="INFO">Clicking element 'xpath://button[text()='Entrar']'.</msg>
<status status="PASS" starttime="20200513 08:41:23.132" endtime="20200513 08:41:23.272"></status>
</kw>
<status status="PASS" starttime="20200513 08:41:21.837" endtime="20200513 08:41:23.272"></status>
</kw>
<kw name="Então devo ver a mensagem de alerta &quot;${output_text}&quot;" library="actions">
<kw name="Wait Until Element Is Visible" library="SeleniumLibrary">
<doc>Waits until the element ``locator`` is visible.</doc>
<arguments>
<arg>${CSS_ALERTA}</arg>
</arguments>
<status status="PASS" starttime="20200513 08:41:23.273" endtime="20200513 08:41:23.574"></status>
</kw>
<kw name="Element Text Should Be" library="SeleniumLibrary">
<doc>Verifies that element ``locator`` contains exact the text ``expected``.</doc>
<arguments>
<arg>${CSS_ALERTA}</arg>
<arg>${expect_alert}</arg>
</arguments>
<msg timestamp="20200513 08:41:23.575" level="INFO">Verifying element 'class:alert' contains exact text 'Usuário e/ou senha inválidos'.</msg>
<status status="PASS" starttime="20200513 08:41:23.574" endtime="20200513 08:41:23.623"></status>
</kw>
<status status="PASS" starttime="20200513 08:41:23.272" endtime="20200513 08:41:23.623"></status>
</kw>
<status status="PASS" starttime="20200513 08:41:20.250" endtime="20200513 08:41:23.624"></status>
</kw>
<kw name="End Test" library="actions" type="teardown">
<kw name="Capture Page Screenshot" library="SeleniumLibrary">
<doc>Takes a screenshot of the current page and embeds it into a log file.</doc>
<msg timestamp="20200513 08:41:25.007" level="INFO" html="yes">&lt;/td&gt;&lt;/tr&gt;&lt;tr&gt;&lt;td colspan="3"&gt;&lt;a href="selenium-screenshot-7.png"&gt;&lt;img src="selenium-screenshot-7.png" width="800px"&gt;&lt;/a&gt;</msg>
<status status="PASS" starttime="20200513 08:41:23.626" endtime="20200513 08:41:25.007"></status>
</kw>
<status status="PASS" starttime="20200513 08:41:23.625" endtime="20200513 08:41:25.008"></status>
</kw>
<status status="PASS" starttime="20200513 08:41:20.249" endtime="20200513 08:41:25.011" critical="yes"></status>
</test>
<test id="s1-s1-t4" name="Email incorreto">
<kw name="Tentativa de login">
<arguments>
<arg>joao&amp;gmail.com</arg>
<arg>abc123</arg>
<arg>Usuário e/ou senha inválidos</arg>
</arguments>
<kw name="Dado que acesso a página login" library="actions">
<kw name="Go To" library="SeleniumLibrary">
<doc>Navigates the current browser window to the provided ``url``.</doc>
<arguments>
<arg>${BASE_URL}/login</arg>
</arguments>
<msg timestamp="20200513 08:41:25.018" level="INFO">Opening url 'http://pixel-web:3000/login'</msg>
<status status="PASS" starttime="20200513 08:41:25.018" endtime="20200513 08:41:26.318"></status>
</kw>
<status status="PASS" starttime="20200513 08:41:25.017" endtime="20200513 08:41:26.319"></status>
</kw>
<kw name="Quando submeto minhas credenciais &quot;${input_email}&quot; e &quot;${input_pass}&quot;" library="actions">
<kw name="Input Text" library="SeleniumLibrary">
<doc>Types the given ``text`` into the text field identified by ``locator``.</doc>
<arguments>
<arg>${CAMPO_EMAIL}</arg>
<arg>${email}</arg>
</arguments>
<msg timestamp="20200513 08:41:26.320" level="INFO">Typing text 'joao&amp;gmail.com' into text field 'id:emailId'.</msg>
<status status="PASS" starttime="20200513 08:41:26.320" endtime="20200513 08:41:26.856"></status>
</kw>
<kw name="Input Text" library="SeleniumLibrary">
<doc>Types the given ``text`` into the text field identified by ``locator``.</doc>
<arguments>
<arg>${CAMPO_PWD}</arg>
<arg>${pass}</arg>
</arguments>
<msg timestamp="20200513 08:41:26.857" level="INFO">Typing text 'abc123' into text field 'id:passId'.</msg>
<status status="PASS" starttime="20200513 08:41:26.856" endtime="20200513 08:41:27.095"></status>
</kw>
<kw name="Click Element" library="SeleniumLibrary">
<doc>Click the element identified by ``locator``.</doc>
<arguments>
<arg>${BT_ENTRAR}</arg>
</arguments>
<msg timestamp="20200513 08:41:27.096" level="INFO">Clicking element 'xpath://button[text()='Entrar']'.</msg>
<status status="PASS" starttime="20200513 08:41:27.096" endtime="20200513 08:41:27.254"></status>
</kw>
<status status="PASS" starttime="20200513 08:41:26.319" endtime="20200513 08:41:27.254"></status>
</kw>
<kw name="Então devo ver a mensagem de alerta &quot;${output_text}&quot;" library="actions">
<kw name="Wait Until Element Is Visible" library="SeleniumLibrary">
<doc>Waits until the element ``locator`` is visible.</doc>
<arguments>
<arg>${CSS_ALERTA}</arg>
</arguments>
<status status="PASS" starttime="20200513 08:41:27.255" endtime="20200513 08:41:27.355"></status>
</kw>
<kw name="Element Text Should Be" library="SeleniumLibrary">
<doc>Verifies that element ``locator`` contains exact the text ``expected``.</doc>
<arguments>
<arg>${CSS_ALERTA}</arg>
<arg>${expect_alert}</arg>
</arguments>
<msg timestamp="20200513 08:41:27.356" level="INFO">Verifying element 'class:alert' contains exact text 'Usuário e/ou senha inválidos'.</msg>
<status status="PASS" starttime="20200513 08:41:27.355" endtime="20200513 08:41:27.416"></status>
</kw>
<status status="PASS" starttime="20200513 08:41:27.254" endtime="20200513 08:41:27.416"></status>
</kw>
<status status="PASS" starttime="20200513 08:41:25.017" endtime="20200513 08:41:27.417"></status>
</kw>
<kw name="End Test" library="actions" type="teardown">
<kw name="Capture Page Screenshot" library="SeleniumLibrary">
<doc>Takes a screenshot of the current page and embeds it into a log file.</doc>
<msg timestamp="20200513 08:41:28.594" level="INFO" html="yes">&lt;/td&gt;&lt;/tr&gt;&lt;tr&gt;&lt;td colspan="3"&gt;&lt;a href="selenium-screenshot-8.png"&gt;&lt;img src="selenium-screenshot-8.png" width="800px"&gt;&lt;/a&gt;</msg>
<status status="PASS" starttime="20200513 08:41:27.418" endtime="20200513 08:41:28.594"></status>
</kw>
<status status="PASS" starttime="20200513 08:41:27.418" endtime="20200513 08:41:28.594"></status>
</kw>
<status status="PASS" starttime="20200513 08:41:25.015" endtime="20200513 08:41:28.596" critical="yes"></status>
</test>
<test id="s1-s1-t5" name="Email não informado">
<kw name="Tentativa de login">
<arguments>
<arg>${EMPTY}</arg>
<arg>abc123</arg>
<arg>Opps. Informe o seu email!</arg>
</arguments>
<kw name="Dado que acesso a página login" library="actions">
<kw name="Go To" library="SeleniumLibrary">
<doc>Navigates the current browser window to the provided ``url``.</doc>
<arguments>
<arg>${BASE_URL}/login</arg>
</arguments>
<msg timestamp="20200513 08:41:28.605" level="INFO">Opening url 'http://pixel-web:3000/login'</msg>
<status status="PASS" starttime="20200513 08:41:28.604" endtime="20200513 08:41:29.982"></status>
</kw>
<status status="PASS" starttime="20200513 08:41:28.603" endtime="20200513 08:41:29.982"></status>
</kw>
<kw name="Quando submeto minhas credenciais &quot;${input_email}&quot; e &quot;${input_pass}&quot;" library="actions">
<kw name="Input Text" library="SeleniumLibrary">
<doc>Types the given ``text`` into the text field identified by ``locator``.</doc>
<arguments>
<arg>${CAMPO_EMAIL}</arg>
<arg>${email}</arg>
</arguments>
<msg timestamp="20200513 08:41:29.984" level="INFO">Typing text '' into text field 'id:emailId'.</msg>
<status status="PASS" starttime="20200513 08:41:29.983" endtime="20200513 08:41:30.283"></status>
</kw>
<kw name="Input Text" library="SeleniumLibrary">
<doc>Types the given ``text`` into the text field identified by ``locator``.</doc>
<arguments>
<arg>${CAMPO_PWD}</arg>
<arg>${pass}</arg>
</arguments>
<msg timestamp="20200513 08:41:30.284" level="INFO">Typing text 'abc123' into text field 'id:passId'.</msg>
<status status="PASS" starttime="20200513 08:41:30.283" endtime="20200513 08:41:30.532"></status>
</kw>
<kw name="Click Element" library="SeleniumLibrary">
<doc>Click the element identified by ``locator``.</doc>
<arguments>
<arg>${BT_ENTRAR}</arg>
</arguments>
<msg timestamp="20200513 08:41:30.533" level="INFO">Clicking element 'xpath://button[text()='Entrar']'.</msg>
<status status="PASS" starttime="20200513 08:41:30.533" endtime="20200513 08:41:30.622"></status>
</kw>
<status status="PASS" starttime="20200513 08:41:29.983" endtime="20200513 08:41:30.622"></status>
</kw>
<kw name="Então devo ver a mensagem de alerta &quot;${output_text}&quot;" library="actions">
<kw name="Wait Until Element Is Visible" library="SeleniumLibrary">
<doc>Waits until the element ``locator`` is visible.</doc>
<arguments>
<arg>${CSS_ALERTA}</arg>
</arguments>
<status status="PASS" starttime="20200513 08:41:30.623" endtime="20200513 08:41:30.677"></status>
</kw>
<kw name="Element Text Should Be" library="SeleniumLibrary">
<doc>Verifies that element ``locator`` contains exact the text ``expected``.</doc>
<arguments>
<arg>${CSS_ALERTA}</arg>
<arg>${expect_alert}</arg>
</arguments>
<msg timestamp="20200513 08:41:30.678" level="INFO">Verifying element 'class:alert' contains exact text 'Opps. Informe o seu email!'.</msg>
<status status="PASS" starttime="20200513 08:41:30.678" endtime="20200513 08:41:30.750"></status>
</kw>
<status status="PASS" starttime="20200513 08:41:30.623" endtime="20200513 08:41:30.751"></status>
</kw>
<status status="PASS" starttime="20200513 08:41:28.602" endtime="20200513 08:41:30.751"></status>
</kw>
<kw name="End Test" library="actions" type="teardown">
<kw name="Capture Page Screenshot" library="SeleniumLibrary">
<doc>Takes a screenshot of the current page and embeds it into a log file.</doc>
<msg timestamp="20200513 08:41:31.941" level="INFO" html="yes">&lt;/td&gt;&lt;/tr&gt;&lt;tr&gt;&lt;td colspan="3"&gt;&lt;a href="selenium-screenshot-9.png"&gt;&lt;img src="selenium-screenshot-9.png" width="800px"&gt;&lt;/a&gt;</msg>
<status status="PASS" starttime="20200513 08:41:30.752" endtime="20200513 08:41:31.941"></status>
</kw>
<status status="PASS" starttime="20200513 08:41:30.752" endtime="20200513 08:41:31.942"></status>
</kw>
<status status="PASS" starttime="20200513 08:41:28.601" endtime="20200513 08:41:31.942" critical="yes"></status>
</test>
<test id="s1-s1-t6" name="Senha não informada">
<kw name="Tentativa de login">
<arguments>
<arg>papito@ninjapixel.com</arg>
<arg>${EMPTY}</arg>
<arg>Opps. Informe a sua senha!</arg>
</arguments>
<kw name="Dado que acesso a página login" library="actions">
<kw name="Go To" library="SeleniumLibrary">
<doc>Navigates the current browser window to the provided ``url``.</doc>
<arguments>
<arg>${BASE_URL}/login</arg>
</arguments>
<msg timestamp="20200513 08:41:31.947" level="INFO">Opening url 'http://pixel-web:3000/login'</msg>
<status status="PASS" starttime="20200513 08:41:31.947" endtime="20200513 08:41:33.359"></status>
</kw>
<status status="PASS" starttime="20200513 08:41:31.946" endtime="20200513 08:41:33.360"></status>
</kw>
<kw name="Quando submeto minhas credenciais &quot;${input_email}&quot; e &quot;${input_pass}&quot;" library="actions">
<kw name="Input Text" library="SeleniumLibrary">
<doc>Types the given ``text`` into the text field identified by ``locator``.</doc>
<arguments>
<arg>${CAMPO_EMAIL}</arg>
<arg>${email}</arg>
</arguments>
<msg timestamp="20200513 08:41:33.362" level="INFO">Typing text 'papito@ninjapixel.com' into text field 'id:emailId'.</msg>
<status status="PASS" starttime="20200513 08:41:33.362" endtime="20200513 08:41:33.833"></status>
</kw>
<kw name="Input Text" library="SeleniumLibrary">
<doc>Types the given ``text`` into the text field identified by ``locator``.</doc>
<arguments>
<arg>${CAMPO_PWD}</arg>
<arg>${pass}</arg>
</arguments>
<msg timestamp="20200513 08:41:33.834" level="INFO">Typing text '' into text field 'id:passId'.</msg>
<status status="PASS" starttime="20200513 08:41:33.833" endtime="20200513 08:41:33.991"></status>
</kw>
<kw name="Click Element" library="SeleniumLibrary">
<doc>Click the element identified by ``locator``.</doc>
<arguments>
<arg>${BT_ENTRAR}</arg>
</arguments>
<msg timestamp="20200513 08:41:33.992" level="INFO">Clicking element 'xpath://button[text()='Entrar']'.</msg>
<status status="PASS" starttime="20200513 08:41:33.992" endtime="20200513 08:41:34.149"></status>
</kw>
<status status="PASS" starttime="20200513 08:41:33.360" endtime="20200513 08:41:34.150"></status>
</kw>
<kw name="Então devo ver a mensagem de alerta &quot;${output_text}&quot;" library="actions">
<kw name="Wait Until Element Is Visible" library="SeleniumLibrary">
<doc>Waits until the element ``locator`` is visible.</doc>
<arguments>
<arg>${CSS_ALERTA}</arg>
</arguments>
<status status="PASS" starttime="20200513 08:41:34.151" endtime="20200513 08:41:34.214"></status>
</kw>
<kw name="Element Text Should Be" library="SeleniumLibrary">
<doc>Verifies that element ``locator`` contains exact the text ``expected``.</doc>
<arguments>
<arg>${CSS_ALERTA}</arg>
<arg>${expect_alert}</arg>
</arguments>
<msg timestamp="20200513 08:41:34.214" level="INFO">Verifying element 'class:alert' contains exact text 'Opps. Informe a sua senha!'.</msg>
<status status="PASS" starttime="20200513 08:41:34.214" endtime="20200513 08:41:34.253"></status>
</kw>
<status status="PASS" starttime="20200513 08:41:34.150" endtime="20200513 08:41:34.253"></status>
</kw>
<status status="PASS" starttime="20200513 08:41:31.945" endtime="20200513 08:41:34.253"></status>
</kw>
<kw name="End Test" library="actions" type="teardown">
<kw name="Capture Page Screenshot" library="SeleniumLibrary">
<doc>Takes a screenshot of the current page and embeds it into a log file.</doc>
<msg timestamp="20200513 08:41:35.497" level="INFO" html="yes">&lt;/td&gt;&lt;/tr&gt;&lt;tr&gt;&lt;td colspan="3"&gt;&lt;a href="selenium-screenshot-10.png"&gt;&lt;img src="selenium-screenshot-10.png" width="800px"&gt;&lt;/a&gt;</msg>
<status status="PASS" starttime="20200513 08:41:34.256" endtime="20200513 08:41:35.497"></status>
</kw>
<status status="PASS" starttime="20200513 08:41:34.256" endtime="20200513 08:41:35.497"></status>
</kw>
<status status="PASS" starttime="20200513 08:41:31.945" endtime="20200513 08:41:35.508" critical="yes"></status>
</test>
<kw name="Close Session" library="actions" type="teardown">
<kw name="Close Browser" library="SeleniumLibrary">
<doc>Closes the current browser.</doc>
<status status="PASS" starttime="20200513 08:41:35.513" endtime="20200513 08:41:37.921"></status>
</kw>
<status status="PASS" starttime="20200513 08:41:35.513" endtime="20200513 08:41:37.921"></status>
</kw>
<doc>Login
Sendo um administrador de catálogo
Quero me autenticar no sistema
Para que eu possa gerenciar os produtos da loja virtual</doc>
<status status="PASS" starttime="20200513 08:41:00.881" endtime="20200513 08:41:37.921"></status>
</suite>
<status status="PASS" starttime="20200513 08:41:00.842" endtime="20200513 08:41:37.933"></status>
</suite>
<statistics>
<total>
<stat pass="6" fail="0">Critical Tests</stat>
<stat pass="6" fail="0">All Tests</stat>
</total>
<tag>
<stat pass="1" fail="0">success_login</stat>
</tag>
<suite>
<stat pass="6" fail="0" id="s1" name="Tests">Tests</stat>
<stat pass="6" fail="0" id="s1-s1" name="Login">Tests.Login</stat>
</suite>
</statistics>
<errors>
</errors>
</robot>
